  Display.cpp
  ViewerDisplay.cpp
  imgui_impl_glfw.cpp
  imgui_impl_opengl3.cpp
  imgui.cpp
  imgui_demo.cpp
  imgui_draw.cpp
  imgui_tables.cpp
  imgui_widgets.cpp
  imgui_stdlib.cpp
  InfoDisplay.cpp
  MenuBar.cpp
  FileDisplay.cpp
  main.cpp
C:\Program Files (x86)\Windows Kits\10\Include\10.0.22000.0\shared\minwindef.h(130,1): warning C4005: 'APIENTRY': macro redefinition
  (compiling source file 'main.cpp')
  C:\Git\file-explorer\include\GLFW\glfw3.h(123,1):
  see previous definition of 'APIENTRY'
  
  Generating Code...
  ImGui.vcxproj -> C:\Git\file-explorer\x64\Debug\FileExplorer.exe
